[1214/033007.098:ERROR:directory_reader_win.cc(43)] FindFirstFile: The system cannot find the path specified. (0x3)
[1214/033313.177:ERROR:directory_reader_win.cc(43)] FindFirstFile: The system cannot find the path specified. (0x3)
[1214/104902.555:ERROR:directory_reader_win.cc(43)] FindFirstFile: The system cannot find the path specified. (0x3)
[1215/123739.916:ERROR:directory_reader_win.cc(43)] FindFirstFile: The system cannot find the path specified. (0x3)
[1215/125600.821:ERROR:directory_reader_win.cc(43)] FindFirstFile: The system cannot find the path specified. (0x3)
[1215/130452.176:ERROR:directory_reader_win.cc(43)] FindFirstFile: The system cannot find the path specified. (0x3)
[1215/130538.041:ERROR:directory_reader_win.cc(43)] FindFirstFile: The system cannot find the path specified. (0x3)
[1215/132740.709:ERROR:directory_reader_win.cc(43)] FindFirstFile: The system cannot find the path specified. (0x3)
[1215/151713.032:ERROR:directory_reader_win.cc(43)] FindFirstFile: The system cannot find the path specified. (0x3)
[1215/154322.818:ERROR:process_reader_win.cc(151)] SuspendThread: Access is denied. (0x5)
[1215/154322.820:ERROR:exception_snapshot_win.cc(99)] thread ID 44348 not found in process
[1215/154322.820:ERROR:scoped_process_suspend.cc(40)] NtResumeProcess: An attempt was made to access an exiting process. (0xc000010a)
[1215/155113.060:ERROR:directory_reader_win.cc(43)] FindFirstFile: The system cannot find the path specified. (0x3)
[1215/163856.790:ERROR:process_info.cc(329)] VirtualQueryEx: Access is denied. (0x5)
[1215/163856.790:ERROR:process_info.cc(556)] ReadMemoryInfo failed
[1215/163856.790:ERROR:process_memory_win.cc(39)] Failed to initialize ProcessInfo.
[1215/163856.790:ERROR:scoped_process_suspend.cc(40)] NtResumeProcess: An attempt was made to access an exiting process. (0xc000010a)
[1215/164953.630:ERROR:process_reader_win.cc(151)] SuspendThread: Access is denied. (0x5)
[1215/164953.631:ERROR:exception_snapshot_win.cc(99)] thread ID 40728 not found in process
[1215/164953.632:ERROR:scoped_process_suspend.cc(40)] NtResumeProcess: An attempt was made to access an exiting process. (0xc000010a)
[1215/165204.550:ERROR:directory_reader_win.cc(43)] FindFirstFile: The system cannot find the path specified. (0x3)
[1215/165516.985:ERROR:process_info.cc(329)] VirtualQueryEx: Access is denied. (0x5)
[1215/165516.985:ERROR:process_info.cc(556)] ReadMemoryInfo failed
[1215/165516.986:ERROR:process_memory_win.cc(39)] Failed to initialize ProcessInfo.
[1215/165516.986:ERROR:scoped_process_suspend.cc(40)] NtResumeProcess: An attempt was made to access an exiting process. (0xc000010a)
[1215/175521.910:ERROR:process_reader_win.cc(151)] SuspendThread: Access is denied. (0x5)
[1215/175521.911:ERROR:exception_snapshot_win.cc(99)] thread ID 26928 not found in process
[1215/175521.911:ERROR:scoped_process_suspend.cc(40)] NtResumeProcess: An attempt was made to access an exiting process. (0xc000010a)
[1215/180303.294:ERROR:directory_reader_win.cc(43)] FindFirstFile: The system cannot find the path specified. (0x3)
